2026-04-13 10:50:27,614 p=10848 u=jh n=ansible WARNING| [WARNING]: Collection at '/Users/jh/git/gh/ansible-role-template/.venv/lib/python3.14/site-packages/ansible/_internal/ansible_collections/ansible/_protomatter' does not have a MANIFEST.json file, nor has it galaxy.yml: cannot detect version.

2026-04-13 10:50:27,621 p=10848 u=jh n=ansible INFO| {"/Users/jh/git/gh/ansible-role-template/.venv/lib/python3.14/site-packages/ansible/_internal/ansible_collections": {"ansible._protomatter": {"version": "*"}}, "/Users/jh/git/gh/ansible-role-template/.venv/lib/python3.14/site-packages/ansible_collections": {"amazon.aws": {"version": "10.3.0"}, "ansible.netcommon": {"version": "8.4.0"}, "ansible.posix": {"version": "2.1.0"}, "ansible.utils": {"version": "6.0.1"}, "ansible.windows": {"version": "3.5.0"}, "arista.eos": {"version": "12.0.1"}, "awx.awx": {"version": "24.6.1"}, "azure.azcollection": {"version": "3.16.0"}, "check_point.mgmt": {"version": "6.9.0"}, "chocolatey.chocolatey": {"version": "1.5.3"}, "cisco.aci": {"version": "2.13.0"}, "cisco.dnac": {"version": "6.48.0"}, "cisco.intersight": {"version": "2.16.0"}, "cisco.ios": {"version": "11.3.0"}, "cisco.iosxr": {"version": "12.1.1"}, "cisco.meraki": {"version": "2.23.1"}, "cisco.mso": {"version": "2.13.0"}, "cisco.nxos": {"version": "11.1.3"}, "cisco.ucs": {"version": "1.16.0"}, "cloudscale_ch.cloud": {"version": "2.5.3"}, "community.aws": {"version": "10.1.0"}, "community.ciscosmb": {"version": "1.0.11"}, "community.clickhouse": {"version": "2.1.0"}, "community.crypto": {"version": "3.1.1"}, "community.dns": {"version": "3.5.3"}, "community.docker": {"version": "5.1.0"}, "community.general": {"version": "12.5.0"}, "community.grafana": {"version": "2.3.0"}, "community.hashi_vault": {"version": "7.1.0"}, "community.hrobot": {"version": "2.7.1"}, "community.library_inventory_filtering_v1": {"version": "1.1.5"}, "community.libvirt": {"version": "2.1.0"}, "community.mongodb": {"version": "1.7.12"}, "community.mysql": {"version": "4.2.0"}, "community.okd": {"version": "5.0.0"}, "community.postgresql": {"version": "4.2.0"}, "community.proxmox": {"version": "1.6.0"}, "community.proxysql": {"version": "1.7.0"}, "community.rabbitmq": {"version": "1.6.0"}, "community.routeros": {"version": "3.18.0"}, "community.sap_libs": {"version": "1.7.0"}, "community.sops": {"version": "2.2.7"}, "community.vmware": {"version": "6.2.0"}, "community.windows": {"version": "3.1.0"}, "community.zabbix": {"version": "4.1.1"}, "containers.podman": {"version": "1.19.0"}, "cyberark.conjur": {"version": "1.3.9"}, "cyberark.pas": {"version": "1.0.39"}, "dellemc.enterprise_sonic": {"version": "3.2.0"}, "dellemc.openmanage": {"version": "10.0.1"}, "dellemc.powerflex": {"version": "3.0.0"}, "dellemc.unity": {"version": "2.1.0"}, "f5networks.f5_modules": {"version": "1.39.0"}, "fortinet.fortimanager": {"version": "2.13.0"}, "fortinet.fortios": {"version": "2.5.0"}, "google.cloud": {"version": "1.12.0"}, "grafana.grafana": {"version": "6.0.6"}, "graphiant.naas": {"version": "26.2.4"}, "hetzner.hcloud": {"version": "6.8.0"}, "hitachivantara.vspone_block": {"version": "4.6.1"}, "hitachivantara.vspone_object": {"version": "1.1.1"}, "ibm.storage_virtualize": {"version": "3.2.0"}, "ieisystem.inmanage": {"version": "4.0.0"}, "infinidat.infinibox": {"version": "1.6.3"}, "infoblox.nios_modules": {"version": "1.9.0"}, "inspur.ispim": {"version": "2.2.4"}, "junipernetworks.junos": {"version": "11.0.0"}, "kaytus.ksmanage": {"version": "2.0.0"}, "kubernetes.core": {"version": "6.3.0"}, "kubevirt.core": {"version": "2.2.4"}, "lowlydba.sqlserver": {"version": "2.7.0"}, "microsoft.ad": {"version": "1.10.0"}, "microsoft.iis": {"version": "1.1.0"}, "netapp.cloudmanager": {"version": "21.24.0"}, "netapp.ontap": {"version": "23.4.0"}, "netapp.storagegrid": {"version": "21.16.0"}, "netapp_eseries.santricity": {"version": "1.4.1"}, "netbox.netbox": {"version": "3.22.0"}, "ngine_io.cloudstack": {"version": "3.0.0"}, "openstack.cloud": {"version": "2.5.0"}, "ovirt.ovirt": {"version": "3.2.2"}, "pcg.alpaca_operator": {"version": "2.2.0"}, "purestorage.flasharray": {"version": "1.42.0"}, "purestorage.flashblade": {"version": "1.24.0"}, "ravendb.ravendb": {"version": "1.0.4"}, "splunk.es": {"version": "4.0.0"}, "telekom_mms.icinga_director": {"version": "2.5.1"}, "theforeman.foreman": {"version": "5.10.0"}, "vmware.vmware": {"version": "2.8.0"}, "vmware.vmware_rest": {"version": "4.10.0"}, "vultr.cloud": {"version": "1.14.0"}, "vyos.vyos": {"version": "6.0.0"}, "wti.remote": {"version": "1.0.11"}}}
2026-04-13 10:50:32,202 p=10862 u=jh n=ansible INFO| ansible-playbook [core 2.20.4]
  config file = /Users/jh/git/gh/ansible-role-template/ansible.cfg
  configured module search path = ['/Users/jh/git/gh/ansible-role-template/.ansible/modules', '/Users/jh/.ansible/plugins/modules', '/usr/share/ansible/plugins/modules']
  ansible python module location = /Users/jh/git/gh/ansible-role-template/.venv/lib/python3.14/site-packages/ansible
  ansible collection location = /Users/jh/.ansible/collections:/usr/share/ansible/collections:/Users/jh/git/gh/ansible-role-template/.venv/lib/python3.14/site-packages
  executable location = /Users/jh/git/gh/ansible-role-template/.venv/bin/ansible-playbook
  python version = 3.14.4 (main, Apr  7 2026, 13:13:20) [Clang 21.0.0 (clang-2100.0.123.102)] (/Users/jh/git/gh/ansible-role-template/.venv/bin/python3.14)
  jinja version = 3.1.6
  pyyaml version = 6.0.3 (with libyaml v0.2.5)
2026-04-13 10:50:32,203 p=10862 u=jh n=ansible INFO| Using /Users/jh/git/gh/ansible-role-template/ansible.cfg as config file
2026-04-13 10:50:32,203 p=10859 u=jh n=ansible INFO| ansible-playbook [core 2.20.4]
  config file = /Users/jh/git/gh/ansible-role-template/ansible.cfg
  configured module search path = ['/Users/jh/git/gh/ansible-role-template/.ansible/modules', '/Users/jh/.ansible/plugins/modules', '/usr/share/ansible/plugins/modules']
  ansible python module location = /Users/jh/git/gh/ansible-role-template/.venv/lib/python3.14/site-packages/ansible
  ansible collection location = /Users/jh/.ansible/collections:/usr/share/ansible/collections:/Users/jh/git/gh/ansible-role-template/.venv/lib/python3.14/site-packages
  executable location = /Users/jh/git/gh/ansible-role-template/.venv/bin/ansible-playbook
  python version = 3.14.4 (main, Apr  7 2026, 13:13:20) [Clang 21.0.0 (clang-2100.0.123.102)] (/Users/jh/git/gh/ansible-role-template/.venv/bin/python3.14)
  jinja version = 3.1.6
  pyyaml version = 6.0.3 (with libyaml v0.2.5)
2026-04-13 10:50:32,203 p=10860 u=jh n=ansible INFO| ansible-playbook [core 2.20.4]
  config file = /Users/jh/git/gh/ansible-role-template/ansible.cfg
  configured module search path = ['/Users/jh/git/gh/ansible-role-template/.ansible/modules', '/Users/jh/.ansible/plugins/modules', '/usr/share/ansible/plugins/modules']
  ansible python module location = /Users/jh/git/gh/ansible-role-template/.venv/lib/python3.14/site-packages/ansible
  ansible collection location = /Users/jh/.ansible/collections:/usr/share/ansible/collections:/Users/jh/git/gh/ansible-role-template/.venv/lib/python3.14/site-packages
  executable location = /Users/jh/git/gh/ansible-role-template/.venv/bin/ansible-playbook
  python version = 3.14.4 (main, Apr  7 2026, 13:13:20) [Clang 21.0.0 (clang-2100.0.123.102)] (/Users/jh/git/gh/ansible-role-template/.venv/bin/python3.14)
  jinja version = 3.1.6
  pyyaml version = 6.0.3 (with libyaml v0.2.5)
2026-04-13 10:50:32,203 p=10859 u=jh n=ansible INFO| Using /Users/jh/git/gh/ansible-role-template/ansible.cfg as config file
2026-04-13 10:50:32,203 p=10860 u=jh n=ansible INFO| Using /Users/jh/git/gh/ansible-role-template/ansible.cfg as config file
2026-04-13 10:50:32,203 p=10863 u=jh n=ansible INFO| ansible-playbook [core 2.20.4]
  config file = /Users/jh/git/gh/ansible-role-template/ansible.cfg
  configured module search path = ['/Users/jh/git/gh/ansible-role-template/.ansible/modules', '/Users/jh/.ansible/plugins/modules', '/usr/share/ansible/plugins/modules']
  ansible python module location = /Users/jh/git/gh/ansible-role-template/.venv/lib/python3.14/site-packages/ansible
  ansible collection location = /Users/jh/.ansible/collections:/usr/share/ansible/collections:/Users/jh/git/gh/ansible-role-template/.venv/lib/python3.14/site-packages
  executable location = /Users/jh/git/gh/ansible-role-template/.venv/bin/ansible-playbook
  python version = 3.14.4 (main, Apr  7 2026, 13:13:20) [Clang 21.0.0 (clang-2100.0.123.102)] (/Users/jh/git/gh/ansible-role-template/.venv/bin/python3.14)
  jinja version = 3.1.6
  pyyaml version = 6.0.3 (with libyaml v0.2.5)
2026-04-13 10:50:32,203 p=10863 u=jh n=ansible INFO| Using /Users/jh/git/gh/ansible-role-template/ansible.cfg as config file
2026-04-13 10:50:32,203 p=10861 u=jh n=ansible INFO| ansible-playbook [core 2.20.4]
  config file = /Users/jh/git/gh/ansible-role-template/ansible.cfg
  configured module search path = ['/Users/jh/git/gh/ansible-role-template/.ansible/modules', '/Users/jh/.ansible/plugins/modules', '/usr/share/ansible/plugins/modules']
  ansible python module location = /Users/jh/git/gh/ansible-role-template/.venv/lib/python3.14/site-packages/ansible
  ansible collection location = /Users/jh/.ansible/collections:/usr/share/ansible/collections:/Users/jh/git/gh/ansible-role-template/.venv/lib/python3.14/site-packages
  executable location = /Users/jh/git/gh/ansible-role-template/.venv/bin/ansible-playbook
  python version = 3.14.4 (main, Apr  7 2026, 13:13:20) [Clang 21.0.0 (clang-2100.0.123.102)] (/Users/jh/git/gh/ansible-role-template/.venv/bin/python3.14)
  jinja version = 3.1.6
  pyyaml version = 6.0.3 (with libyaml v0.2.5)
2026-04-13 10:50:32,203 p=10861 u=jh n=ansible INFO| Using /Users/jh/git/gh/ansible-role-template/ansible.cfg as config file
2026-04-13 10:50:32,233 p=10859 u=jh n=ansible WARNING| [WARNING]: No inventory was parsed, only implicit localhost is available

2026-04-13 10:50:32,233 p=10863 u=jh n=ansible WARNING| [WARNING]: No inventory was parsed, only implicit localhost is available

2026-04-13 10:50:32,233 p=10861 u=jh n=ansible WARNING| [WARNING]: No inventory was parsed, only implicit localhost is available

2026-04-13 10:50:32,234 p=10862 u=jh n=ansible WARNING| [WARNING]: No inventory was parsed, only implicit localhost is available

2026-04-13 10:50:32,234 p=10860 u=jh n=ansible WARNING| [WARNING]: No inventory was parsed, only implicit localhost is available

2026-04-13 10:50:32,237 p=10862 u=jh n=ansible WARNING| [WARNING]: provided hosts list is empty, only localhost is available. Note that the implicit localhost does not match 'all'

2026-04-13 10:50:32,237 p=10859 u=jh n=ansible WARNING| [WARNING]: provided hosts list is empty, only localhost is available. Note that the implicit localhost does not match 'all'

2026-04-13 10:50:32,237 p=10863 u=jh n=ansible WARNING| [WARNING]: provided hosts list is empty, only localhost is available. Note that the implicit localhost does not match 'all'

2026-04-13 10:50:32,237 p=10861 u=jh n=ansible WARNING| [WARNING]: provided hosts list is empty, only localhost is available. Note that the implicit localhost does not match 'all'

2026-04-13 10:50:32,237 p=10860 u=jh n=ansible WARNING| [WARNING]: provided hosts list is empty, only localhost is available. Note that the implicit localhost does not match 'all'

2026-04-13 10:50:32,285 p=10862 u=jh n=ansible INFO| 1 plays in molecule/default/prepare.yml
2026-04-13 10:50:32,285 p=10861 u=jh n=ansible INFO| 1 plays in molecule/no_service/verify.yml
2026-04-13 10:50:32,285 p=10860 u=jh n=ansible INFO| 1 plays in molecule/default/verify.yml
2026-04-13 10:50:32,285 p=10862 u=jh n=ansible INFO| playbook: molecule/default/prepare.yml
2026-04-13 10:50:32,285 p=10861 u=jh n=ansible INFO| playbook: molecule/no_service/verify.yml
2026-04-13 10:50:32,286 p=10860 u=jh n=ansible INFO| playbook: molecule/default/verify.yml
2026-04-13 10:50:32,289 p=10859 u=jh n=ansible INFO| 1 plays in molecule/no_service/converge.yml
2026-04-13 10:50:32,290 p=10859 u=jh n=ansible INFO| playbook: molecule/no_service/converge.yml
2026-04-13 10:50:32,290 p=10863 u=jh n=ansible INFO| 1 plays in molecule/default/converge.yml
2026-04-13 10:50:32,290 p=10863 u=jh n=ansible INFO| playbook: molecule/default/converge.yml
2026-04-13 10:50:32,841 p=10869 u=jh n=ansible WARNING| [WARNING]: Collection at '/Users/jh/git/gh/ansible-role-template/.venv/lib/python3.14/site-packages/ansible/_internal/ansible_collections/ansible/_protomatter' does not have a MANIFEST.json file, nor has it galaxy.yml: cannot detect version.

2026-04-13 10:50:32,885 p=10869 u=jh n=ansible INFO| {
    "ansible.builtin.runas": "Run As user",
    "ansible.builtin.su": "Substitute User",
    "ansible.builtin.sudo": "Substitute User DO",
    "ansible.netcommon.enable": "Switch to elevated permissions on a network device",
    "community.general.doas": "Do As user",
    "community.general.dzdo": "Centrify's Direct Authorize",
    "community.general.ksu": "Kerberos substitute user",
    "community.general.machinectl": "Systemd's machinectl privilege escalation",
    "community.general.pbrun": "PowerBroker run",
    "community.general.pfexec": "Profile based execution",
    "community.general.pmrun": "Privilege Manager run",
    "community.general.run0": "Systemd's run0",
    "community.general.sesu": "CA Privileged Access Manager",
    "community.general.sudosu": "Run tasks using sudo su -",
    "containers.podman.podman_unshare": "Run tasks using podman unshare"
}
2026-04-13 10:50:33,054 p=10840 u=jh n=ansiblelint.__main__ WARNING| Found incompatible custom yamllint configuration (.yamllint), please either remove the file or edit it to comply with:
  - comments-indentation must be false
  - braces.max-spaces-inside must be 1
  - octal-values.forbid-implicit-octal must be true
  - octal-values.forbid-explicit-octal must be true.

Read https://docs.ansible.com/projects/lint/rules/yaml/ for more details regarding why we have these requirements. Fix mode will not be available.
2026-04-13 10:50:33,054 p=10840 u=jh n=ansiblelint WARNING| Listing 1 violation(s) that are fatal
2026-04-13 10:51:27,265 p=11011 u=jh n=ansible WARNING| [WARNING]: Collection at '/Users/jh/git/gh/ansible-role-template/.venv/lib/python3.14/site-packages/ansible/_internal/ansible_collections/ansible/_protomatter' does not have a MANIFEST.json file, nor has it galaxy.yml: cannot detect version.

2026-04-13 10:51:27,267 p=11011 u=jh n=ansible INFO| {"/Users/jh/git/gh/ansible-role-template/.venv/lib/python3.14/site-packages/ansible/_internal/ansible_collections": {"ansible._protomatter": {"version": "*"}}, "/Users/jh/git/gh/ansible-role-template/.venv/lib/python3.14/site-packages/ansible_collections": {"amazon.aws": {"version": "10.3.0"}, "ansible.netcommon": {"version": "8.4.0"}, "ansible.posix": {"version": "2.1.0"}, "ansible.utils": {"version": "6.0.1"}, "ansible.windows": {"version": "3.5.0"}, "arista.eos": {"version": "12.0.1"}, "awx.awx": {"version": "24.6.1"}, "azure.azcollection": {"version": "3.16.0"}, "check_point.mgmt": {"version": "6.9.0"}, "chocolatey.chocolatey": {"version": "1.5.3"}, "cisco.aci": {"version": "2.13.0"}, "cisco.dnac": {"version": "6.48.0"}, "cisco.intersight": {"version": "2.16.0"}, "cisco.ios": {"version": "11.3.0"}, "cisco.iosxr": {"version": "12.1.1"}, "cisco.meraki": {"version": "2.23.1"}, "cisco.mso": {"version": "2.13.0"}, "cisco.nxos": {"version": "11.1.3"}, "cisco.ucs": {"version": "1.16.0"}, "cloudscale_ch.cloud": {"version": "2.5.3"}, "community.aws": {"version": "10.1.0"}, "community.ciscosmb": {"version": "1.0.11"}, "community.clickhouse": {"version": "2.1.0"}, "community.crypto": {"version": "3.1.1"}, "community.dns": {"version": "3.5.3"}, "community.docker": {"version": "5.1.0"}, "community.general": {"version": "12.5.0"}, "community.grafana": {"version": "2.3.0"}, "community.hashi_vault": {"version": "7.1.0"}, "community.hrobot": {"version": "2.7.1"}, "community.library_inventory_filtering_v1": {"version": "1.1.5"}, "community.libvirt": {"version": "2.1.0"}, "community.mongodb": {"version": "1.7.12"}, "community.mysql": {"version": "4.2.0"}, "community.okd": {"version": "5.0.0"}, "community.postgresql": {"version": "4.2.0"}, "community.proxmox": {"version": "1.6.0"}, "community.proxysql": {"version": "1.7.0"}, "community.rabbitmq": {"version": "1.6.0"}, "community.routeros": {"version": "3.18.0"}, "community.sap_libs": {"version": "1.7.0"}, "community.sops": {"version": "2.2.7"}, "community.vmware": {"version": "6.2.0"}, "community.windows": {"version": "3.1.0"}, "community.zabbix": {"version": "4.1.1"}, "containers.podman": {"version": "1.19.0"}, "cyberark.conjur": {"version": "1.3.9"}, "cyberark.pas": {"version": "1.0.39"}, "dellemc.enterprise_sonic": {"version": "3.2.0"}, "dellemc.openmanage": {"version": "10.0.1"}, "dellemc.powerflex": {"version": "3.0.0"}, "dellemc.unity": {"version": "2.1.0"}, "f5networks.f5_modules": {"version": "1.39.0"}, "fortinet.fortimanager": {"version": "2.13.0"}, "fortinet.fortios": {"version": "2.5.0"}, "google.cloud": {"version": "1.12.0"}, "grafana.grafana": {"version": "6.0.6"}, "graphiant.naas": {"version": "26.2.4"}, "hetzner.hcloud": {"version": "6.8.0"}, "hitachivantara.vspone_block": {"version": "4.6.1"}, "hitachivantara.vspone_object": {"version": "1.1.1"}, "ibm.storage_virtualize": {"version": "3.2.0"}, "ieisystem.inmanage": {"version": "4.0.0"}, "infinidat.infinibox": {"version": "1.6.3"}, "infoblox.nios_modules": {"version": "1.9.0"}, "inspur.ispim": {"version": "2.2.4"}, "junipernetworks.junos": {"version": "11.0.0"}, "kaytus.ksmanage": {"version": "2.0.0"}, "kubernetes.core": {"version": "6.3.0"}, "kubevirt.core": {"version": "2.2.4"}, "lowlydba.sqlserver": {"version": "2.7.0"}, "microsoft.ad": {"version": "1.10.0"}, "microsoft.iis": {"version": "1.1.0"}, "netapp.cloudmanager": {"version": "21.24.0"}, "netapp.ontap": {"version": "23.4.0"}, "netapp.storagegrid": {"version": "21.16.0"}, "netapp_eseries.santricity": {"version": "1.4.1"}, "netbox.netbox": {"version": "3.22.0"}, "ngine_io.cloudstack": {"version": "3.0.0"}, "openstack.cloud": {"version": "2.5.0"}, "ovirt.ovirt": {"version": "3.2.2"}, "pcg.alpaca_operator": {"version": "2.2.0"}, "purestorage.flasharray": {"version": "1.42.0"}, "purestorage.flashblade": {"version": "1.24.0"}, "ravendb.ravendb": {"version": "1.0.4"}, "splunk.es": {"version": "4.0.0"}, "telekom_mms.icinga_director": {"version": "2.5.1"}, "theforeman.foreman": {"version": "5.10.0"}, "vmware.vmware": {"version": "2.8.0"}, "vmware.vmware_rest": {"version": "4.10.0"}, "vultr.cloud": {"version": "1.14.0"}, "vyos.vyos": {"version": "6.0.0"}, "wti.remote": {"version": "1.0.11"}}}
2026-04-13 10:51:27,612 p=11017 u=jh n=ansible INFO| ansible-playbook [core 2.20.4]
  config file = /Users/jh/git/gh/ansible-role-template/ansible.cfg
  configured module search path = ['/Users/jh/git/gh/ansible-role-template/.ansible/modules', '/Users/jh/.ansible/plugins/modules', '/usr/share/ansible/plugins/modules']
  ansible python module location = /Users/jh/git/gh/ansible-role-template/.venv/lib/python3.14/site-packages/ansible
  ansible collection location = /Users/jh/.ansible/collections:/usr/share/ansible/collections:/Users/jh/git/gh/ansible-role-template/.venv/lib/python3.14/site-packages
  executable location = /Users/jh/git/gh/ansible-role-template/.venv/bin/ansible-playbook
  python version = 3.14.4 (main, Apr  7 2026, 13:13:20) [Clang 21.0.0 (clang-2100.0.123.102)] (/Users/jh/git/gh/ansible-role-template/.venv/bin/python3.14)
  jinja version = 3.1.6
  pyyaml version = 6.0.3 (with libyaml v0.2.5)
2026-04-13 10:51:27,612 p=11017 u=jh n=ansible INFO| Using /Users/jh/git/gh/ansible-role-template/ansible.cfg as config file
2026-04-13 10:51:27,612 p=11020 u=jh n=ansible INFO| ansible-playbook [core 2.20.4]
  config file = /Users/jh/git/gh/ansible-role-template/ansible.cfg
  configured module search path = ['/Users/jh/git/gh/ansible-role-template/.ansible/modules', '/Users/jh/.ansible/plugins/modules', '/usr/share/ansible/plugins/modules']
  ansible python module location = /Users/jh/git/gh/ansible-role-template/.venv/lib/python3.14/site-packages/ansible
  ansible collection location = /Users/jh/.ansible/collections:/usr/share/ansible/collections:/Users/jh/git/gh/ansible-role-template/.venv/lib/python3.14/site-packages
  executable location = /Users/jh/git/gh/ansible-role-template/.venv/bin/ansible-playbook
  python version = 3.14.4 (main, Apr  7 2026, 13:13:20) [Clang 21.0.0 (clang-2100.0.123.102)] (/Users/jh/git/gh/ansible-role-template/.venv/bin/python3.14)
  jinja version = 3.1.6
  pyyaml version = 6.0.3 (with libyaml v0.2.5)
2026-04-13 10:51:27,612 p=11018 u=jh n=ansible INFO| ansible-playbook [core 2.20.4]
  config file = /Users/jh/git/gh/ansible-role-template/ansible.cfg
  configured module search path = ['/Users/jh/git/gh/ansible-role-template/.ansible/modules', '/Users/jh/.ansible/plugins/modules', '/usr/share/ansible/plugins/modules']
  ansible python module location = /Users/jh/git/gh/ansible-role-template/.venv/lib/python3.14/site-packages/ansible
  ansible collection location = /Users/jh/.ansible/collections:/usr/share/ansible/collections:/Users/jh/git/gh/ansible-role-template/.venv/lib/python3.14/site-packages
  executable location = /Users/jh/git/gh/ansible-role-template/.venv/bin/ansible-playbook
  python version = 3.14.4 (main, Apr  7 2026, 13:13:20) [Clang 21.0.0 (clang-2100.0.123.102)] (/Users/jh/git/gh/ansible-role-template/.venv/bin/python3.14)
  jinja version = 3.1.6
  pyyaml version = 6.0.3 (with libyaml v0.2.5)
2026-04-13 10:51:27,612 p=11020 u=jh n=ansible INFO| Using /Users/jh/git/gh/ansible-role-template/ansible.cfg as config file
2026-04-13 10:51:27,612 p=11018 u=jh n=ansible INFO| Using /Users/jh/git/gh/ansible-role-template/ansible.cfg as config file
2026-04-13 10:51:27,612 p=11019 u=jh n=ansible INFO| ansible-playbook [core 2.20.4]
  config file = /Users/jh/git/gh/ansible-role-template/ansible.cfg
  configured module search path = ['/Users/jh/git/gh/ansible-role-template/.ansible/modules', '/Users/jh/.ansible/plugins/modules', '/usr/share/ansible/plugins/modules']
  ansible python module location = /Users/jh/git/gh/ansible-role-template/.venv/lib/python3.14/site-packages/ansible
  ansible collection location = /Users/jh/.ansible/collections:/usr/share/ansible/collections:/Users/jh/git/gh/ansible-role-template/.venv/lib/python3.14/site-packages
  executable location = /Users/jh/git/gh/ansible-role-template/.venv/bin/ansible-playbook
  python version = 3.14.4 (main, Apr  7 2026, 13:13:20) [Clang 21.0.0 (clang-2100.0.123.102)] (/Users/jh/git/gh/ansible-role-template/.venv/bin/python3.14)
  jinja version = 3.1.6
  pyyaml version = 6.0.3 (with libyaml v0.2.5)
2026-04-13 10:51:27,612 p=11016 u=jh n=ansible INFO| ansible-playbook [core 2.20.4]
  config file = /Users/jh/git/gh/ansible-role-template/ansible.cfg
  configured module search path = ['/Users/jh/git/gh/ansible-role-template/.ansible/modules', '/Users/jh/.ansible/plugins/modules', '/usr/share/ansible/plugins/modules']
  ansible python module location = /Users/jh/git/gh/ansible-role-template/.venv/lib/python3.14/site-packages/ansible
  ansible collection location = /Users/jh/.ansible/collections:/usr/share/ansible/collections:/Users/jh/git/gh/ansible-role-template/.venv/lib/python3.14/site-packages
  executable location = /Users/jh/git/gh/ansible-role-template/.venv/bin/ansible-playbook
  python version = 3.14.4 (main, Apr  7 2026, 13:13:20) [Clang 21.0.0 (clang-2100.0.123.102)] (/Users/jh/git/gh/ansible-role-template/.venv/bin/python3.14)
  jinja version = 3.1.6
  pyyaml version = 6.0.3 (with libyaml v0.2.5)
2026-04-13 10:51:27,612 p=11019 u=jh n=ansible INFO| Using /Users/jh/git/gh/ansible-role-template/ansible.cfg as config file
2026-04-13 10:51:27,612 p=11016 u=jh n=ansible INFO| Using /Users/jh/git/gh/ansible-role-template/ansible.cfg as config file
2026-04-13 10:51:27,643 p=11020 u=jh n=ansible WARNING| [WARNING]: No inventory was parsed, only implicit localhost is available

2026-04-13 10:51:27,643 p=11017 u=jh n=ansible WARNING| [WARNING]: No inventory was parsed, only implicit localhost is available

2026-04-13 10:51:27,643 p=11016 u=jh n=ansible WARNING| [WARNING]: No inventory was parsed, only implicit localhost is available

2026-04-13 10:51:27,643 p=11018 u=jh n=ansible WARNING| [WARNING]: No inventory was parsed, only implicit localhost is available

2026-04-13 10:51:27,643 p=11019 u=jh n=ansible WARNING| [WARNING]: No inventory was parsed, only implicit localhost is available

2026-04-13 10:51:27,645 p=11018 u=jh n=ansible WARNING| [WARNING]: provided hosts list is empty, only localhost is available. Note that the implicit localhost does not match 'all'

2026-04-13 10:51:27,645 p=11019 u=jh n=ansible WARNING| [WARNING]: provided hosts list is empty, only localhost is available. Note that the implicit localhost does not match 'all'

2026-04-13 10:51:27,645 p=11017 u=jh n=ansible WARNING| [WARNING]: provided hosts list is empty, only localhost is available. Note that the implicit localhost does not match 'all'

2026-04-13 10:51:27,645 p=11016 u=jh n=ansible WARNING| [WARNING]: provided hosts list is empty, only localhost is available. Note that the implicit localhost does not match 'all'

2026-04-13 10:51:27,645 p=11020 u=jh n=ansible WARNING| [WARNING]: provided hosts list is empty, only localhost is available. Note that the implicit localhost does not match 'all'

2026-04-13 10:51:27,679 p=11018 u=jh n=ansible INFO| 1 plays in molecule/default/prepare.yml
2026-04-13 10:51:27,679 p=11016 u=jh n=ansible INFO| 1 plays in molecule/no_service/verify.yml
2026-04-13 10:51:27,680 p=11019 u=jh n=ansible INFO| 1 plays in molecule/default/verify.yml
2026-04-13 10:51:27,680 p=11018 u=jh n=ansible INFO| playbook: molecule/default/prepare.yml
2026-04-13 10:51:27,680 p=11016 u=jh n=ansible INFO| playbook: molecule/no_service/verify.yml
2026-04-13 10:51:27,680 p=11019 u=jh n=ansible INFO| playbook: molecule/default/verify.yml
2026-04-13 10:51:27,684 p=11017 u=jh n=ansible INFO| 1 plays in molecule/no_service/converge.yml
2026-04-13 10:51:27,684 p=11020 u=jh n=ansible INFO| 1 plays in molecule/default/converge.yml
2026-04-13 10:51:27,684 p=11017 u=jh n=ansible INFO| playbook: molecule/no_service/converge.yml
2026-04-13 10:51:27,685 p=11020 u=jh n=ansible INFO| playbook: molecule/default/converge.yml
2026-04-13 10:51:27,963 p=11026 u=jh n=ansible WARNING| [WARNING]: Collection at '/Users/jh/git/gh/ansible-role-template/.venv/lib/python3.14/site-packages/ansible/_internal/ansible_collections/ansible/_protomatter' does not have a MANIFEST.json file, nor has it galaxy.yml: cannot detect version.

2026-04-13 10:51:28,007 p=11026 u=jh n=ansible INFO| {
    "ansible.builtin.runas": "Run As user",
    "ansible.builtin.su": "Substitute User",
    "ansible.builtin.sudo": "Substitute User DO",
    "ansible.netcommon.enable": "Switch to elevated permissions on a network device",
    "community.general.doas": "Do As user",
    "community.general.dzdo": "Centrify's Direct Authorize",
    "community.general.ksu": "Kerberos substitute user",
    "community.general.machinectl": "Systemd's machinectl privilege escalation",
    "community.general.pbrun": "PowerBroker run",
    "community.general.pfexec": "Profile based execution",
    "community.general.pmrun": "Privilege Manager run",
    "community.general.run0": "Systemd's run0",
    "community.general.sesu": "CA Privileged Access Manager",
    "community.general.sudosu": "Run tasks using sudo su -",
    "containers.podman.podman_unshare": "Run tasks using podman unshare"
}
